0 info it worked if it ends with ok
1 verbose cli [ '/Users/alexhutchison/.nvm/versions/node/v5.0.0/bin/node',
1 verbose cli   '/Users/alexhutchison/.nvm/versions/node/v5.0.0/bin/npm',
1 verbose cli   'run',
1 verbose cli   'build:prod' ]
2 info using npm@3.3.6
3 info using node@v5.0.0
4 verbose run-script [ 'prebuild:prod', 'build:prod', 'postbuild:prod' ]
5 info lifecycle ship-compliant@1.0.0~prebuild:prod: ship-compliant@1.0.0
6 silly lifecycle ship-compliant@1.0.0~prebuild:prod: no script for prebuild:prod, continuing
7 info lifecycle ship-compliant@1.0.0~build:prod: ship-compliant@1.0.0
8 verbose lifecycle ship-compliant@1.0.0~build:prod: unsafe-perm in lifecycle true
9 verbose lifecycle ship-compliant@1.0.0~build:prod: PATH: /Users/alexhutchison/.nvm/versions/node/v5.0.0/lib/node_modules/npm/bin/node-gyp-bin:/Users/alexhutchison/code/ship-compliant/node_modules/.bin:/Users/alexhutchison/.nvm/versions/node/v5.0.0/bin:/usr/local/bin:/usr/local/bin:/usr/bin:/bin:/usr/sbin:/sbin
10 verbose lifecycle ship-compliant@1.0.0~build:prod: CWD: /Users/alexhutchison/code/ship-compliant
11 silly lifecycle ship-compliant@1.0.0~build:prod: Args: [ '-c', 'webpack --config webpack.config.js' ]
12 silly lifecycle ship-compliant@1.0.0~build:prod: Returned: code: 2  signal: null
13 info lifecycle ship-compliant@1.0.0~build:prod: Failed to exec build:prod script
14 verbose stack Error: ship-compliant@1.0.0 build:prod: `webpack --config webpack.config.js`
14 verbose stack Exit status 2
14 verbose stack     at EventEmitter.<anonymous> (/Users/alexhutchison/.nvm/versions/node/v5.0.0/lib/node_modules/npm/lib/utils/lifecycle.js:233:16)
14 verbose stack     at emitTwo (events.js:87:13)
14 verbose stack     at EventEmitter.emit (events.js:172:7)
14 verbose stack     at ChildProcess.<anonymous> (/Users/alexhutchison/.nvm/versions/node/v5.0.0/lib/node_modules/npm/lib/utils/spawn.js:24:14)
14 verbose stack     at emitTwo (events.js:87:13)
14 verbose stack     at ChildProcess.emit (events.js:172:7)
14 verbose stack     at maybeClose (internal/child_process.js:818:16)
14 verbose stack     at Process.ChildProcess._handle.onexit (internal/child_process.js:211:5)
15 verbose pkgid ship-compliant@1.0.0
16 verbose cwd /Users/alexhutchison/code/ship-compliant
17 error Darwin 16.6.0
18 error argv "/Users/alexhutchison/.nvm/versions/node/v5.0.0/bin/node" "/Users/alexhutchison/.nvm/versions/node/v5.0.0/bin/npm" "run" "build:prod"
19 error node v5.0.0
20 error npm  v3.3.6
21 error code ELIFECYCLE
22 error ship-compliant@1.0.0 build:prod: `webpack --config webpack.config.js`
22 error Exit status 2
23 error Failed at the ship-compliant@1.0.0 build:prod script 'webpack --config webpack.config.js'.
23 error This is most likely a problem with the ship-compliant package,
23 error not with npm itself.
23 error Tell the author that this fails on your system:
23 error     webpack --config webpack.config.js
23 error You can get their info via:
23 error     npm owner ls ship-compliant
23 error There is likely additional logging output above.
24 verbose exit [ 1, true ]
