0 info it worked if it ends with ok
1 verbose cli [ '/Users/alexhutchison/.nvm/versions/node/v5.0.0/bin/node',
1 verbose cli   '/Users/alexhutchison/.nvm/versions/node/v5.0.0/bin/npm',
1 verbose cli   'install',
1 verbose cli   'save--dev',
1 verbose cli   'autoprefixer' ]
2 info using npm@3.3.6
3 info using node@v5.0.0
4 silly loadCurrentTree Starting
5 silly install loadCurrentTree
6 silly install readLocalPackageData
7 silly fetchPackageMetaData save--dev
8 silly fetchPackageMetaData autoprefixer
9 silly fetchNamedPackageData save--dev
10 silly mapToRegistry name save--dev
11 silly mapToRegistry using default registry
12 silly mapToRegistry registry https://registry.npmjs.org/
13 silly mapToRegistry uri https://registry.npmjs.org/save--dev
14 silly fetchNamedPackageData autoprefixer
15 silly mapToRegistry name autoprefixer
16 silly mapToRegistry using default registry
17 silly mapToRegistry registry https://registry.npmjs.org/
18 silly mapToRegistry uri https://registry.npmjs.org/autoprefixer
19 verbose request uri https://registry.npmjs.org/save--dev
20 verbose request no auth needed
21 info attempt registry request try #1 at 8:05:07 PM
22 verbose request id 342f4f54d41283a9
23 http request GET https://registry.npmjs.org/save--dev
24 verbose request uri https://registry.npmjs.org/autoprefixer
25 verbose request no auth needed
26 info attempt registry request try #1 at 8:05:07 PM
27 verbose etag W/"590ddb05-41f4d"
28 verbose lastModified Sat, 06 May 2017 14:17:41 GMT
29 http request GET https://registry.npmjs.org/autoprefixer
30 http 200 https://registry.npmjs.org/autoprefixer
31 verbose headers { server: 'nginx/1.10.1',
31 verbose headers   'content-type': 'application/json',
31 verbose headers   'last-modified': 'Mon, 15 May 2017 06:50:50 GMT',
31 verbose headers   etag: 'W/"59194fca-46178"',
31 verbose headers   'content-encoding': 'gzip',
31 verbose headers   'cache-control': 'max-age=300',
31 verbose headers   'content-length': '25140',
31 verbose headers   'accept-ranges': 'bytes',
31 verbose headers   date: 'Tue, 16 May 2017 03:05:07 GMT',
31 verbose headers   via: '1.1 varnish',
31 verbose headers   age: '93',
31 verbose headers   connection: 'keep-alive',
31 verbose headers   'x-served-by': 'cache-lax8628-LAX',
31 verbose headers   'x-cache': 'HIT',
31 verbose headers   'x-cache-hits': '1',
31 verbose headers   'x-timer': 'S1494903907.464976,VS0,VE1',
31 verbose headers   vary: 'Accept-Encoding' }
32 silly get cb [ 200,
32 silly get   { server: 'nginx/1.10.1',
32 silly get     'content-type': 'application/json',
32 silly get     'last-modified': 'Mon, 15 May 2017 06:50:50 GMT',
32 silly get     etag: 'W/"59194fca-46178"',
32 silly get     'content-encoding': 'gzip',
32 silly get     'cache-control': 'max-age=300',
32 silly get     'content-length': '25140',
32 silly get     'accept-ranges': 'bytes',
32 silly get     date: 'Tue, 16 May 2017 03:05:07 GMT',
32 silly get     via: '1.1 varnish',
32 silly get     age: '93',
32 silly get     connection: 'keep-alive',
32 silly get     'x-served-by': 'cache-lax8628-LAX',
32 silly get     'x-cache': 'HIT',
32 silly get     'x-cache-hits': '1',
32 silly get     'x-timer': 'S1494903907.464976,VS0,VE1',
32 silly get     vary: 'Accept-Encoding' } ]
33 verbose get saving autoprefixer to /Users/alexhutchison/.npm/registry.npmjs.org/autoprefixer/.cache.json
34 http 404 https://registry.npmjs.org/save--dev
35 verbose headers { 'content-type': 'application/json',
35 verbose headers   'cache-control': 'max-age=0',
35 verbose headers   'content-length': '2',
35 verbose headers   'accept-ranges': 'bytes',
35 verbose headers   date: 'Tue, 16 May 2017 03:05:07 GMT',
35 verbose headers   via: '1.1 varnish',
35 verbose headers   age: '0',
35 verbose headers   connection: 'keep-alive',
35 verbose headers   'x-served-by': 'cache-lax8623-LAX',
35 verbose headers   'x-cache': 'MISS',
35 verbose headers   'x-cache-hits': '0',
35 verbose headers   'x-timer': 'S1494903907.465611,VS0,VE356',
35 verbose headers   vary: 'Accept-Encoding' }
36 silly get cb [ 404,
36 silly get   { 'content-type': 'application/json',
36 silly get     'cache-control': 'max-age=0',
36 silly get     'content-length': '2',
36 silly get     'accept-ranges': 'bytes',
36 silly get     date: 'Tue, 16 May 2017 03:05:07 GMT',
36 silly get     via: '1.1 varnish',
36 silly get     age: '0',
36 silly get     connection: 'keep-alive',
36 silly get     'x-served-by': 'cache-lax8623-LAX',
36 silly get     'x-cache': 'MISS',
36 silly get     'x-cache-hits': '0',
36 silly get     'x-timer': 'S1494903907.465611,VS0,VE356',
36 silly get     vary: 'Accept-Encoding' } ]
37 silly fetchPackageMetaData Error: Registry returned 404 for GET on https://registry.npmjs.org/save--dev
37 silly fetchPackageMetaData     at makeError (/Users/alexhutchison/.nvm/versions/node/v5.0.0/lib/node_modules/npm/node_modules/npm-registry-client/lib/request.js:264:12)
37 silly fetchPackageMetaData     at CachingRegistryClient.<anonymous> (/Users/alexhutchison/.nvm/versions/node/v5.0.0/lib/node_modules/npm/node_modules/npm-registry-client/lib/request.js:242:14)
37 silly fetchPackageMetaData     at Request._callback (/Users/alexhutchison/.nvm/versions/node/v5.0.0/lib/node_modules/npm/node_modules/npm-registry-client/lib/request.js:172:14)
37 silly fetchPackageMetaData     at Request.self.callback (/Users/alexhutchison/.nvm/versions/node/v5.0.0/lib/node_modules/npm/node_modules/request/request.js:198:22)
37 silly fetchPackageMetaData     at emitTwo (events.js:87:13)
37 silly fetchPackageMetaData     at Request.emit (events.js:172:7)
37 silly fetchPackageMetaData     at Request.<anonymous> (/Users/alexhutchison/.nvm/versions/node/v5.0.0/lib/node_modules/npm/node_modules/request/request.js:1063:14)
37 silly fetchPackageMetaData     at emitOne (events.js:82:20)
37 silly fetchPackageMetaData     at Request.emit (events.js:169:7)
37 silly fetchPackageMetaData     at IncomingMessage.<anonymous> (/Users/alexhutchison/.nvm/versions/node/v5.0.0/lib/node_modules/npm/node_modules/request/request.js:1009:12)
37 silly fetchPackageMetaData  error for save--dev { [Error: Registry returned 404 for GET on https://registry.npmjs.org/save--dev] pkgid: 'save--dev', statusCode: 404, code: 'E404' }
38 silly rollbackFailedOptional Starting
39 silly rollbackFailedOptional Finishing
40 silly runTopLevelLifecycles Starting
41 silly runTopLevelLifecycles Finishing
42 silly install printInstalled
43 verbose stack Error: Registry returned 404 for GET on https://registry.npmjs.org/save--dev
43 verbose stack     at makeError (/Users/alexhutchison/.nvm/versions/node/v5.0.0/lib/node_modules/npm/node_modules/npm-registry-client/lib/request.js:264:12)
43 verbose stack     at CachingRegistryClient.<anonymous> (/Users/alexhutchison/.nvm/versions/node/v5.0.0/lib/node_modules/npm/node_modules/npm-registry-client/lib/request.js:242:14)
43 verbose stack     at Request._callback (/Users/alexhutchison/.nvm/versions/node/v5.0.0/lib/node_modules/npm/node_modules/npm-registry-client/lib/request.js:172:14)
43 verbose stack     at Request.self.callback (/Users/alexhutchison/.nvm/versions/node/v5.0.0/lib/node_modules/npm/node_modules/request/request.js:198:22)
43 verbose stack     at emitTwo (events.js:87:13)
43 verbose stack     at Request.emit (events.js:172:7)
43 verbose stack     at Request.<anonymous> (/Users/alexhutchison/.nvm/versions/node/v5.0.0/lib/node_modules/npm/node_modules/request/request.js:1063:14)
43 verbose stack     at emitOne (events.js:82:20)
43 verbose stack     at Request.emit (events.js:169:7)
43 verbose stack     at IncomingMessage.<anonymous> (/Users/alexhutchison/.nvm/versions/node/v5.0.0/lib/node_modules/npm/node_modules/request/request.js:1009:12)
44 verbose statusCode 404
45 verbose pkgid save--dev
46 verbose cwd /Users/alexhutchison/code/ship-compliant/src/styles
47 error Darwin 16.5.0
48 error argv "/Users/alexhutchison/.nvm/versions/node/v5.0.0/bin/node" "/Users/alexhutchison/.nvm/versions/node/v5.0.0/bin/npm" "install" "save--dev" "autoprefixer"
49 error node v5.0.0
50 error npm  v3.3.6
51 error code E404
52 error 404 Registry returned 404 for GET on https://registry.npmjs.org/save--dev
52 error 404
52 error 404 'save--dev' is not in the npm registry.
52 error 404 You should bug the author to publish it (or use the name yourself!)
52 error 404
52 error 404 Note that you can also install from a
52 error 404 tarball, folder, http url, or git url.
53 verbose exit [ 1, true ]
